<?xml version="1.0" encoding="UTF-8"?>
<testng-results skipped="0" failed="2" ignored="0" total="16" passed="14">
  <reporter-output>
  </reporter-output>
  <suite name="Default suite" duration-ms="178760" started-at="2018-03-25T02:17:14Z" finished-at="2018-03-25T02:20:13Z">
    <groups>
    </groups>
    <test name="Default test" duration-ms="178760" started-at="2018-03-25T02:17:14Z" finished-at="2018-03-25T02:20:13Z">
      <class name="com.trulia.tests.Tests">
        <test-method status="PASS" signature="setUp()[pri:0, instance:com.trulia.tests.Tests@5cdd09b1]" name="setUp" is-config="true" duration-ms="15" started-at="2018-03-25T02:17:14Z" finished-at="2018-03-25T02:17:14Z">
          <reporter-output>
          </reporter-output>
        </test-method> <!-- setUp -->
        <test-method status="PASS" signature="beforeMethod()[pri:0, instance:com.trulia.tests.Tests@5cdd09b1]" name="beforeMethod" is-config="true" duration-ms="3168" started-at="2018-03-25T02:17:14Z" finished-at="2018-03-25T02:17:17Z">
          <reporter-output>
          </reporter-output>
        </test-method> <!-- beforeMethod -->
        <test-method status="PASS" signature="TC002()[pri:0, instance:com.trulia.tests.Tests@5cdd09b1]" name="TC002" duration-ms="8151" started-at="2018-03-25T02:17:17Z" finished-at="2018-03-25T02:17:25Z">
          <reporter-output>
          </reporter-output>
        </test-method> <!-- TC002 -->
        <test-method status="PASS" signature="beforeMethod()[pri:0, instance:com.trulia.tests.Tests@5cdd09b1]" name="beforeMethod" is-config="true" duration-ms="2060" started-at="2018-03-25T02:17:25Z" finished-at="2018-03-25T02:17:27Z">
          <reporter-output>
          </reporter-output>
        </test-method> <!-- beforeMethod -->
        <test-method status="PASS" signature="TC003()[pri:0, instance:com.trulia.tests.Tests@5cdd09b1]" name="TC003" duration-ms="9769" started-at="2018-03-25T02:17:27Z" finished-at="2018-03-25T02:17:37Z">
          <reporter-output>
          </reporter-output>
        </test-method> <!-- TC003 -->
        <test-method status="PASS" signature="beforeMethod()[pri:0, instance:com.trulia.tests.Tests@5cdd09b1]" name="beforeMethod" is-config="true" duration-ms="1451" started-at="2018-03-25T02:17:37Z" finished-at="2018-03-25T02:17:39Z">
          <reporter-output>
          </reporter-output>
        </test-method> <!-- beforeMethod -->
        <test-method status="PASS" signature="TC004()[pri:0, instance:com.trulia.tests.Tests@5cdd09b1]" name="TC004" duration-ms="3995" started-at="2018-03-25T02:17:39Z" finished-at="2018-03-25T02:17:43Z">
          <reporter-output>
          </reporter-output>
        </test-method> <!-- TC004 -->
        <test-method status="PASS" signature="beforeMethod()[pri:0, instance:com.trulia.tests.Tests@5cdd09b1]" name="beforeMethod" is-config="true" duration-ms="1463" started-at="2018-03-25T02:17:43Z" finished-at="2018-03-25T02:17:44Z">
          <reporter-output>
          </reporter-output>
        </test-method> <!-- beforeMethod -->
        <test-method status="PASS" signature="TC005()[pri:0, instance:com.trulia.tests.Tests@5cdd09b1]" name="TC005" duration-ms="3244" started-at="2018-03-25T02:17:44Z" finished-at="2018-03-25T02:17:47Z">
          <reporter-output>
          </reporter-output>
        </test-method> <!-- TC005 -->
        <test-method status="PASS" signature="beforeMethod()[pri:0, instance:com.trulia.tests.Tests@5cdd09b1]" name="beforeMethod" is-config="true" duration-ms="1598" started-at="2018-03-25T02:17:47Z" finished-at="2018-03-25T02:17:49Z">
          <reporter-output>
          </reporter-output>
        </test-method> <!-- beforeMethod -->
        <test-method status="FAIL" signature="TC006()[pri:0, instance:com.trulia.tests.Tests@5cdd09b1]" name="TC006" duration-ms="589" started-at="2018-03-25T02:17:49Z" finished-at="2018-03-25T02:17:49Z">
          <exception class="org.openqa.selenium.WebDriverException">
            <message>
              <![CDATA[unknown error: failed to change window state to maximized, current state is normal
  (Session info: chrome=65.0.3325.181)
  (Driver info: chromedriver=2.37.543654 (a46b62e9900f5ac48951f8ad68d9e03eded4cc8d),platform=Mac OS X 10.12.6 x86_64) (WARNING: The server did not provide any stacktrace information)
Command duration or timeout: 0 milliseconds
Build info: version: '3.11.0', revision: 'e59cfb3', time: '2018-03-11T20:26:55.152Z'
System info: host: 'imacs-iMac.local', ip: 'fe80:0:0:0:1041:d132:b668:c5c3%en0', os.name: 'Mac OS X', os.arch: 'x86_64', os.version: '10.12.6', java.version: '1.8.0_151'
Driver info: org.openqa.selenium.chrome.ChromeDriver
Capabilities {acceptInsecureCerts: false, acceptSslCerts: false, applicationCacheEnabled: false, browserConnectionEnabled: false, browserName: chrome, chrome: {chromedriverVersion: 2.37.543654 (a46b62e9900f5a..., userDataDir: /var/folders/pj/psqvrqw13rn...}, cssSelectorsEnabled: true, databaseEnabled: false, handlesAlerts: true, hasTouchScreen: false, javascriptEnabled: true, locationContextEnabled: true, mobileEmulationEnabled: false, nativeEvents: true, networkConnectionEnabled: false, pageLoadStrategy: normal, platform: MAC, platformName: MAC, rotatable: false, setWindowRect: true, takesHeapSnapshot: true, takesScreenshot: true, unexpectedAlertBehaviour: , unhandledPromptBehavior: , version: 65.0.3325.181, webStorageEnabled: true}
Session ID: 4360070518f30d5cf09873e56b9af397]]>
            </message>
            <full-stacktrace>
              <![CDATA[org.openqa.selenium.WebDriverException: unknown error: failed to change window state to maximized, current state is normal
  (Session info: chrome=65.0.3325.181)
  (Driver info: chromedriver=2.37.543654 (a46b62e9900f5ac48951f8ad68d9e03eded4cc8d),platform=Mac OS X 10.12.6 x86_64) (WARNING: The server did not provide any stacktrace information)
Command duration or timeout: 0 milliseconds
Build info: version: '3.11.0', revision: 'e59cfb3', time: '2018-03-11T20:26:55.152Z'
System info: host: 'imacs-iMac.local', ip: 'fe80:0:0:0:1041:d132:b668:c5c3%en0', os.name: 'Mac OS X', os.arch: 'x86_64', os.version: '10.12.6', java.version: '1.8.0_151'
Driver info: org.openqa.selenium.chrome.ChromeDriver
Capabilities {acceptInsecureCerts: false, acceptSslCerts: false, applicationCacheEnabled: false, browserConnectionEnabled: false, browserName: chrome, chrome: {chromedriverVersion: 2.37.543654 (a46b62e9900f5a..., userDataDir: /var/folders/pj/psqvrqw13rn...}, cssSelectorsEnabled: true, databaseEnabled: false, handlesAlerts: true, hasTouchScreen: false, javascriptEnabled: true, locationContextEnabled: true, mobileEmulationEnabled: false, nativeEvents: true, networkConnectionEnabled: false, pageLoadStrategy: normal, platform: MAC, platformName: MAC, rotatable: false, setWindowRect: true, takesHeapSnapshot: true, takesScreenshot: true, unexpectedAlertBehaviour: , unhandledPromptBehavior: , version: 65.0.3325.181, webStorageEnabled: true}
Session ID: 4360070518f30d5cf09873e56b9af397
at sun.reflect.NativeConstructorAccessorImpl.newInstance0(Native Method)
at sun.reflect.NativeConstructorAccessorImpl.newInstance(NativeConstructorAccessorImpl.java:62)
at sun.reflect.DelegatingConstructorAccessorImpl.newInstance(DelegatingConstructorAccessorImpl.java:45)
at java.lang.reflect.Constructor.newInstance(Constructor.java:423)
at org.openqa.selenium.remote.ErrorHandler.createThrowable(ErrorHandler.java:214)
at org.openqa.selenium.remote.ErrorHandler.throwIfResponseFailed(ErrorHandler.java:166)
at org.openqa.selenium.remote.http.JsonHttpResponseCodec.reconstructValue(JsonHttpResponseCodec.java:40)
at org.openqa.selenium.remote.http.AbstractHttpResponseCodec.decode(AbstractHttpResponseCodec.java:80)
at org.openqa.selenium.remote.http.AbstractHttpResponseCodec.decode(AbstractHttpResponseCodec.java:44)
at org.openqa.selenium.remote.HttpCommandExecutor.execute(HttpCommandExecutor.java:158)
at org.openqa.selenium.remote.service.DriverCommandExecutor.execute(DriverCommandExecutor.java:83)
at org.openqa.selenium.remote.RemoteWebDriver.execute(RemoteWebDriver.java:545)
at org.openqa.selenium.remote.RemoteWebDriver.execute(RemoteWebDriver.java:602)
at org.openqa.selenium.remote.RemoteWebDriver$RemoteWebDriverOptions$RemoteWindow.maximize(RemoteWebDriver.java:836)
at com.trulia.tests.Tests.TC006(Tests.java:112)
at sun.reflect.NativeMethodAccessorImpl.invoke0(Native Method)
at sun.reflect.NativeMethodAccessorImpl.invoke(NativeMethodAccessorImpl.java:62)
at sun.reflect.DelegatingMethodAccessorImpl.invoke(DelegatingMethodAccessorImpl.java:43)
at java.lang.reflect.Method.invoke(Method.java:498)
at org.testng.internal.MethodInvocationHelper.invokeMethod(MethodInvocationHelper.java:124)
at org.testng.internal.Invoker.invokeMethod(Invoker.java:580)
at org.testng.internal.Invoker.invokeTestMethod(Invoker.java:716)
at org.testng.internal.Invoker.invokeTestMethods(Invoker.java:988)
at org.testng.internal.TestMethodWorker.invokeTestMethods(TestMethodWorker.java:125)
at org.testng.internal.TestMethodWorker.run(TestMethodWorker.java:109)
at org.testng.TestRunner.privateRun(TestRunner.java:648)
at org.testng.TestRunner.run(TestRunner.java:505)
at org.testng.SuiteRunner.runTest(SuiteRunner.java:455)
at org.testng.SuiteRunner.runSequentially(SuiteRunner.java:450)
at org.testng.SuiteRunner.privateRun(SuiteRunner.java:415)
at org.testng.SuiteRunner.run(SuiteRunner.java:364)
at org.testng.SuiteRunnerWorker.runSuite(SuiteRunnerWorker.java:52)
at org.testng.SuiteRunnerWorker.run(SuiteRunnerWorker.java:84)
at org.testng.TestNG.runSuitesSequentially(TestNG.java:1208)
at org.testng.TestNG.runSuitesLocally(TestNG.java:1137)
at org.testng.TestNG.runSuites(TestNG.java:1049)
at org.testng.TestNG.run(TestNG.java:1017)
at org.testng.remote.AbstractRemoteTestNG.run(AbstractRemoteTestNG.java:114)
at org.testng.remote.RemoteTestNG.initAndRun(RemoteTestNG.java:251)
at org.testng.remote.RemoteTestNG.main(RemoteTestNG.java:77)
]]>
            </full-stacktrace>
          </exception> <!-- org.openqa.selenium.WebDriverException -->
          <reporter-output>
          </reporter-output>
        </test-method> <!-- TC006 -->
        <test-method status="PASS" signature="beforeMethod()[pri:0, instance:com.trulia.tests.Tests@5cdd09b1]" name="beforeMethod" is-config="true" duration-ms="1290" started-at="2018-03-25T02:17:49Z" finished-at="2018-03-25T02:17:51Z">
          <reporter-output>
          </reporter-output>
        </test-method> <!-- beforeMethod -->
        <test-method status="PASS" signature="TC007()[pri:0, instance:com.trulia.tests.Tests@5cdd09b1]" name="TC007" duration-ms="11061" started-at="2018-03-25T02:17:51Z" finished-at="2018-03-25T02:18:02Z">
          <reporter-output>
          </reporter-output>
        </test-method> <!-- TC007 -->
        <test-method status="PASS" signature="beforeMethod()[pri:0, instance:com.trulia.tests.Tests@5cdd09b1]" name="beforeMethod" is-config="true" duration-ms="2517" started-at="2018-03-25T02:18:02Z" finished-at="2018-03-25T02:18:04Z">
          <reporter-output>
          </reporter-output>
        </test-method> <!-- beforeMethod -->
        <test-method status="PASS" signature="TC008()[pri:0, instance:com.trulia.tests.Tests@5cdd09b1]" name="TC008" duration-ms="21348" started-at="2018-03-25T02:18:04Z" finished-at="2018-03-25T02:18:26Z">
          <reporter-output>
          </reporter-output>
        </test-method> <!-- TC008 -->
        <test-method status="PASS" signature="beforeMethod()[pri:0, instance:com.trulia.tests.Tests@5cdd09b1]" name="beforeMethod" is-config="true" duration-ms="2007" started-at="2018-03-25T02:18:26Z" finished-at="2018-03-25T02:18:28Z">
          <reporter-output>
          </reporter-output>
        </test-method> <!-- beforeMethod -->
        <test-method status="PASS" signature="TC009()[pri:0, instance:com.trulia.tests.Tests@5cdd09b1]" name="TC009" duration-ms="34526" started-at="2018-03-25T02:18:28Z" finished-at="2018-03-25T02:19:02Z">
          <reporter-output>
          </reporter-output>
        </test-method> <!-- TC009 -->
        <test-method status="PASS" signature="beforeMethod()[pri:0, instance:com.trulia.tests.Tests@5cdd09b1]" name="beforeMethod" is-config="true" duration-ms="2289" started-at="2018-03-25T02:19:02Z" finished-at="2018-03-25T02:19:04Z">
          <reporter-output>
          </reporter-output>
        </test-method> <!-- beforeMethod -->
        <test-method status="PASS" signature="TC010()[pri:0, instance:com.trulia.tests.Tests@5cdd09b1]" name="TC010" duration-ms="9039" started-at="2018-03-25T02:19:04Z" finished-at="2018-03-25T02:19:14Z">
          <reporter-output>
          </reporter-output>
        </test-method> <!-- TC010 -->
        <test-method status="PASS" signature="beforeMethod()[pri:0, instance:com.trulia.tests.Tests@5cdd09b1]" name="beforeMethod" is-config="true" duration-ms="3158" started-at="2018-03-25T02:19:14Z" finished-at="2018-03-25T02:19:17Z">
          <reporter-output>
          </reporter-output>
        </test-method> <!-- beforeMethod -->
        <test-method status="PASS" signature="TC014()[pri:0, instance:com.trulia.tests.Tests@5cdd09b1]" name="TC014" duration-ms="3808" started-at="2018-03-25T02:19:17Z" finished-at="2018-03-25T02:19:21Z">
          <reporter-output>
          </reporter-output>
        </test-method> <!-- TC014 -->
        <test-method status="PASS" signature="beforeMethod()[pri:0, instance:com.trulia.tests.Tests@5cdd09b1]" name="beforeMethod" is-config="true" duration-ms="1391" started-at="2018-03-25T02:19:21Z" finished-at="2018-03-25T02:19:22Z">
          <reporter-output>
          </reporter-output>
        </test-method> <!-- beforeMethod -->
        <test-method status="FAIL" signature="TC015()[pri:0, instance:com.trulia.tests.Tests@5cdd09b1]" name="TC015" duration-ms="7062" started-at="2018-03-25T02:19:22Z" finished-at="2018-03-25T02:19:29Z">
          <exception class="java.lang.AssertionError">
            <message>
              <![CDATA[expected [true] but found [false]]]>
            </message>
            <full-stacktrace>
              <![CDATA[java.lang.AssertionError: expected [true] but found [false]
at org.testng.Assert.fail(Assert.java:96)
at org.testng.Assert.failNotEquals(Assert.java:776)
at org.testng.Assert.assertTrue(Assert.java:44)
at org.testng.Assert.assertTrue(Assert.java:54)
at com.trulia.tests.Tests.TC015(Tests.java:369)
at sun.reflect.NativeMethodAccessorImpl.invoke0(Native Method)
at sun.reflect.NativeMethodAccessorImpl.invoke(NativeMethodAccessorImpl.java:62)
at sun.reflect.DelegatingMethodAccessorImpl.invoke(DelegatingMethodAccessorImpl.java:43)
at java.lang.reflect.Method.invoke(Method.java:498)
at org.testng.internal.MethodInvocationHelper.invokeMethod(MethodInvocationHelper.java:124)
at org.testng.internal.Invoker.invokeMethod(Invoker.java:580)
at org.testng.internal.Invoker.invokeTestMethod(Invoker.java:716)
at org.testng.internal.Invoker.invokeTestMethods(Invoker.java:988)
at org.testng.internal.TestMethodWorker.invokeTestMethods(TestMethodWorker.java:125)
at org.testng.internal.TestMethodWorker.run(TestMethodWorker.java:109)
at org.testng.TestRunner.privateRun(TestRunner.java:648)
at org.testng.TestRunner.run(TestRunner.java:505)
at org.testng.SuiteRunner.runTest(SuiteRunner.java:455)
at org.testng.SuiteRunner.runSequentially(SuiteRunner.java:450)
at org.testng.SuiteRunner.privateRun(SuiteRunner.java:415)
at org.testng.SuiteRunner.run(SuiteRunner.java:364)
at org.testng.SuiteRunnerWorker.runSuite(SuiteRunnerWorker.java:52)
at org.testng.SuiteRunnerWorker.run(SuiteRunnerWorker.java:84)
at org.testng.TestNG.runSuitesSequentially(TestNG.java:1208)
at org.testng.TestNG.runSuitesLocally(TestNG.java:1137)
at org.testng.TestNG.runSuites(TestNG.java:1049)
at org.testng.TestNG.run(TestNG.java:1017)
at org.testng.remote.AbstractRemoteTestNG.run(AbstractRemoteTestNG.java:114)
at org.testng.remote.RemoteTestNG.initAndRun(RemoteTestNG.java:251)
at org.testng.remote.RemoteTestNG.main(RemoteTestNG.java:77)
]]>
            </full-stacktrace>
          </exception> <!-- java.lang.AssertionError -->
          <reporter-output>
          </reporter-output>
        </test-method> <!-- TC015 -->
        <test-method status="PASS" signature="beforeMethod()[pri:0, instance:com.trulia.tests.Tests@5cdd09b1]" name="beforeMethod" is-config="true" duration-ms="2135" started-at="2018-03-25T02:19:29Z" finished-at="2018-03-25T02:19:31Z">
          <reporter-output>
          </reporter-output>
        </test-method> <!-- beforeMethod -->
        <test-method status="PASS" signature="TC016()[pri:0, instance:com.trulia.tests.Tests@5cdd09b1]" name="TC016" duration-ms="9760" started-at="2018-03-25T02:19:31Z" finished-at="2018-03-25T02:19:41Z">
          <reporter-output>
          </reporter-output>
        </test-method> <!-- TC016 -->
        <test-method status="PASS" signature="beforeMethod()[pri:0, instance:com.trulia.tests.Tests@5cdd09b1]" name="beforeMethod" is-config="true" duration-ms="2048" started-at="2018-03-25T02:19:41Z" finished-at="2018-03-25T02:19:43Z">
          <reporter-output>
          </reporter-output>
        </test-method> <!-- beforeMethod -->
        <test-method status="PASS" signature="TC017()[pri:0, instance:com.trulia.tests.Tests@5cdd09b1]" name="TC017" duration-ms="2870" started-at="2018-03-25T02:19:43Z" finished-at="2018-03-25T02:19:46Z">
          <reporter-output>
          </reporter-output>
        </test-method> <!-- TC017 -->
        <test-method status="PASS" signature="beforeMethod()[pri:0, instance:com.trulia.tests.Tests@5cdd09b1]" name="beforeMethod" is-config="true" duration-ms="1404" started-at="2018-03-25T02:19:46Z" finished-at="2018-03-25T02:19:47Z">
          <reporter-output>
          </reporter-output>
        </test-method> <!-- beforeMethod -->
        <test-method status="PASS" signature="TC018()[pri:0, instance:com.trulia.tests.Tests@5cdd09b1]" name="TC018" duration-ms="2995" started-at="2018-03-25T02:19:47Z" finished-at="2018-03-25T02:19:50Z">
          <reporter-output>
          </reporter-output>
        </test-method> <!-- TC018 -->
        <test-method status="PASS" signature="beforeMethod()[pri:0, instance:com.trulia.tests.Tests@5cdd09b1]" name="beforeMethod" is-config="true" duration-ms="1412" started-at="2018-03-25T02:19:50Z" finished-at="2018-03-25T02:19:52Z">
          <reporter-output>
          </reporter-output>
        </test-method> <!-- beforeMethod -->
        <test-method status="PASS" signature="TC019()[pri:0, instance:com.trulia.tests.Tests@5cdd09b1]" name="TC019" duration-ms="11335" started-at="2018-03-25T02:19:52Z" finished-at="2018-03-25T02:20:03Z">
          <reporter-output>
          </reporter-output>
        </test-method> <!-- TC019 -->
        <test-method status="PASS" signature="beforeMethod()[pri:0, instance:com.trulia.tests.Tests@5cdd09b1]" name="beforeMethod" is-config="true" duration-ms="2166" started-at="2018-03-25T02:20:03Z" finished-at="2018-03-25T02:20:05Z">
          <reporter-output>
          </reporter-output>
        </test-method> <!-- beforeMethod -->
        <test-method status="PASS" signature="TC020()[pri:0, instance:com.trulia.tests.Tests@5cdd09b1]" name="TC020" duration-ms="7491" started-at="2018-03-25T02:20:05Z" finished-at="2018-03-25T02:20:13Z">
          <reporter-output>
          </reporter-output>
        </test-method> <!-- TC020 -->
        <test-method status="PASS" signature="tearDown()[pri:0, instance:com.trulia.tests.Tests@5cdd09b1]" name="tearDown" is-config="true" duration-ms="108" started-at="2018-03-25T02:20:13Z" finished-at="2018-03-25T02:20:13Z">
          <reporter-output>
          </reporter-output>
        </test-method> <!-- tearDown -->
      </class> <!-- com.trulia.tests.Tests -->
    </test> <!-- Default test -->
  </suite> <!-- Default suite -->
</testng-results>
